[debug] [2026-01-30T05:27:06.212Z] ----------------------------------------------------------------------
[debug] [2026-01-30T05:27:06.214Z] Command:       C:\Program Files\nodejs\node.exe C:\Users\setth\AppData\Roaming\npm\node_modules\firebase-tools\lib\bin\firebase.js deploy
[debug] [2026-01-30T05:27:06.214Z] CLI Version:   14.21.0
[debug] [2026-01-30T05:27:06.214Z] Platform:      win32
[debug] [2026-01-30T05:27:06.214Z] Node Version:  v22.21.0
[debug] [2026-01-30T05:27:06.214Z] Time:          Fri Jan 30 2026 12:27:06 GMT+0700 (เวลาอินโดจีน)
[debug] [2026-01-30T05:27:06.214Z] ----------------------------------------------------------------------
[debug] 
[debug] [2026-01-30T05:27:06.216Z] >>> [apiv2][query] GET https://firebase-public.firebaseio.com/cli.json [none]
[debug] [2026-01-30T05:27:06.334Z] > command requires scopes: ["email","openid","https://www.googleapis.com/auth/cloudplatformprojects.readonly","https://www.googleapis.com/auth/firebase","https://www.googleapis.com/auth/cloud-platform"]
[debug] [2026-01-30T05:27:06.334Z] > authorizing via signed-in user (setthachayo@gmail.com)
[debug] [2026-01-30T05:27:06.335Z] [iam] checking project palitest-generator for permissions ["datastore.indexes.create","datastore.indexes.delete","datastore.indexes.list","datastore.indexes.update","firebase.projects.get","firebasehosting.sites.update","firebaserules.releases.create","firebaserules.releases.update","firebaserules.rulesets.create"]
[debug] [2026-01-30T05:27:06.335Z] Checked if tokens are valid: false, expires at: 1769477399858
[debug] [2026-01-30T05:27:06.335Z] Checked if tokens are valid: false, expires at: 1769477399858
[debug] [2026-01-30T05:27:06.335Z] > refreshing access token with scopes: []
[debug] [2026-01-30T05:27:06.336Z] >>> [apiv2][query] POST https://www.googleapis.com/oauth2/v3/token [none]
[debug] [2026-01-30T05:27:06.336Z] >>> [apiv2][body] POST https://www.googleapis.com/oauth2/v3/token [omitted]
[debug] [2026-01-30T05:27:06.449Z] <<< [apiv2][status] POST https://www.googleapis.com/oauth2/v3/token 200
[debug] [2026-01-30T05:27:06.449Z] <<< [apiv2][body] POST https://www.googleapis.com/oauth2/v3/token [omitted]
[debug] [2026-01-30T05:27:06.453Z] >>> [apiv2][query] POST https://cloudresourcemanager.googleapis.com/v1/projects/palitest-generator:testIamPermissions [none]
[debug] [2026-01-30T05:27:06.453Z] >>> [apiv2][(partial)header] POST https://cloudresourcemanager.googleapis.com/v1/projects/palitest-generator:testIamPermissions x-goog-quota-user=projects/palitest-generator
[debug] [2026-01-30T05:27:06.453Z] >>> [apiv2][body] POST https://cloudresourcemanager.googleapis.com/v1/projects/palitest-generator:testIamPermissions {"permissions":["datastore.indexes.create","datastore.indexes.delete","datastore.indexes.list","datastore.indexes.update","firebase.projects.get","firebasehosting.sites.update","firebaserules.releases.create","firebaserules.releases.update","firebaserules.rulesets.create"]}
[debug] [2026-01-30T05:27:06.806Z] <<< [apiv2][status] GET https://firebase-public.firebaseio.com/cli.json 200
[debug] [2026-01-30T05:27:06.806Z] <<< [apiv2][body] GET https://firebase-public.firebaseio.com/cli.json {"cloudBuildErrorAfter":1594252800000,"cloudBuildWarnAfter":1590019200000,"defaultNode10After":1594252800000,"minVersion":"3.0.5","node8DeploysDisabledAfter":1613390400000,"node8RuntimeDisabledAfter":1615809600000,"node8WarnAfter":1600128000000}
[debug] [2026-01-30T05:27:07.669Z] <<< [apiv2][status] POST https://cloudresourcemanager.googleapis.com/v1/projects/palitest-generator:testIamPermissions 200
[debug] [2026-01-30T05:27:07.669Z] <<< [apiv2][body] POST https://cloudresourcemanager.googleapis.com/v1/projects/palitest-generator:testIamPermissions {"permissions":["datastore.indexes.create","datastore.indexes.delete","datastore.indexes.list","datastore.indexes.update","firebase.projects.get","firebasehosting.sites.update","firebaserules.releases.create","firebaserules.releases.update","firebaserules.rulesets.create"]}
[debug] [2026-01-30T05:27:07.670Z] Checked if tokens are valid: true, expires at: 1769754425449
[debug] [2026-01-30T05:27:07.670Z] Checked if tokens are valid: true, expires at: 1769754425449
[debug] [2026-01-30T05:27:07.670Z] >>> [apiv2][query] GET https://firebase.googleapis.com/v1beta1/projects/palitest-generator [none]
[debug] [2026-01-30T05:27:08.071Z] <<< [apiv2][status] GET https://firebase.googleapis.com/v1beta1/projects/palitest-generator 200
[debug] [2026-01-30T05:27:08.071Z] <<< [apiv2][body] GET https://firebase.googleapis.com/v1beta1/projects/palitest-generator {"projectId":"palitest-generator","projectNumber":"844040146831","displayName":"pali-theonlyone","name":"projects/palitest-generator","resources":{"hostingSite":"palitest-generator"},"state":"ACTIVE","etag":"1_126f0c55-6379-42d6-8e55-a060ad37f0f7"}
[info] 
[info] === Deploying to 'palitest-generator'...
[info] 
[info] i  deploying storage, firestore, hosting 
[info] i  storage: ensuring required API firebasestorage.googleapis.com is enabled... 
[debug] [2026-01-30T05:27:08.073Z] Checked if tokens are valid: true, expires at: 1769754425449
[debug] [2026-01-30T05:27:08.073Z] Checked if tokens are valid: true, expires at: 1769754425449
[debug] [2026-01-30T05:27:08.073Z] >>> [apiv2][query] GET https://firebasestorage.googleapis.com/v1alpha/projects/palitest-generator/defaultBucket [none]
[debug] [2026-01-30T05:27:08.579Z] <<< [apiv2][status] GET https://firebasestorage.googleapis.com/v1alpha/projects/palitest-generator/defaultBucket 200
[debug] [2026-01-30T05:27:08.579Z] <<< [apiv2][body] GET https://firebasestorage.googleapis.com/v1alpha/projects/palitest-generator/defaultBucket {"name":"projects/palitest-generator/defaultBucket","location":"ASIA-SOUTHEAST1","bucket":{"name":"projects/palitest-generator/buckets/palitest-generator.firebasestorage.app"},"storageClass":"REGIONAL"}
[info] i  firebase.storage: checking storage.rules for compilation errors... 
[debug] [2026-01-30T05:27:08.581Z] Checked if tokens are valid: true, expires at: 1769754425449
[debug] [2026-01-30T05:27:08.581Z] Checked if tokens are valid: true, expires at: 1769754425449
[debug] [2026-01-30T05:27:08.581Z] >>> [apiv2][query] POST https://firebaserules.googleapis.com/v1/projects/palitest-generator:test [none]
[debug] [2026-01-30T05:27:08.581Z] >>> [apiv2][body] POST https://firebaserules.googleapis.com/v1/projects/palitest-generator:test [omitted]
[debug] [2026-01-30T05:27:09.943Z] <<< [apiv2][status] POST https://firebaserules.googleapis.com/v1/projects/palitest-generator:test 200
[debug] [2026-01-30T05:27:09.943Z] <<< [apiv2][body] POST https://firebaserules.googleapis.com/v1/projects/palitest-generator:test {}
[info] +  firebase.storage: rules file storage.rules compiled successfully 
[info] i  firestore: ensuring required API firestore.googleapis.com is enabled... 
[info] i  firestore: ensuring required API firestore.googleapis.com is enabled... 
[debug] [2026-01-30T05:27:09.945Z] Checked if tokens are valid: true, expires at: 1769754425449
[debug] [2026-01-30T05:27:09.945Z] Checked if tokens are valid: true, expires at: 1769754425449
[debug] [2026-01-30T05:27:09.945Z] >>> [apiv2][query] GET https://firestore.googleapis.com/v1/projects/palitest-generator/databases/(default) [none]
[debug] [2026-01-30T05:27:10.257Z] <<< [apiv2][status] GET https://firestore.googleapis.com/v1/projects/palitest-generator/databases/(default) 200
[debug] [2026-01-30T05:27:10.257Z] <<< [apiv2][body] GET https://firestore.googleapis.com/v1/projects/palitest-generator/databases/(default) {"name":"projects/palitest-generator/databases/(default)","uid":"18cc411b-cfe3-48cd-8319-8804404cf53e","createTime":"2025-12-24T06:26:29.357305Z","updateTime":"2025-12-24T06:26:29.357305Z","locationId":"asia-southeast1","type":"FIRESTORE_NATIVE","concurrencyMode":"PESSIMISTIC","versionRetentionPeriod":"3600s","earliestVersionTime":"2026-01-30T04:27:10.527292Z","appEngineIntegrationMode":"DISABLED","keyPrefix":"zas","pointInTimeRecoveryEnablement":"POINT_IN_TIME_RECOVERY_DISABLED","deleteProtectionState":"DELETE_PROTECTION_DISABLED","databaseEdition":"STANDARD","freeTier":true,"realtimeUpdatesMode":"REALTIME_UPDATES_MODE_ENABLED","etag":"IP7f4MzDspIDMPWAk6fM1ZED"}
[info] i  cloud.firestore: checking firestore.rules for compilation errors... 
[debug] [2026-01-30T05:27:10.258Z] Checked if tokens are valid: true, expires at: 1769754425449
[debug] [2026-01-30T05:27:10.258Z] Checked if tokens are valid: true, expires at: 1769754425449
[debug] [2026-01-30T05:27:10.258Z] >>> [apiv2][query] POST https://firebaserules.googleapis.com/v1/projects/palitest-generator:test [none]
[debug] [2026-01-30T05:27:10.258Z] >>> [apiv2][body] POST https://firebaserules.googleapis.com/v1/projects/palitest-generator:test [omitted]
[debug] [2026-01-30T05:27:10.914Z] <<< [apiv2][status] POST https://firebaserules.googleapis.com/v1/projects/palitest-generator:test 200
[debug] [2026-01-30T05:27:10.914Z] <<< [apiv2][body] POST https://firebaserules.googleapis.com/v1/projects/palitest-generator:test {"issues":[{"sourcePosition":{"fileName":"firestore.rules","line":36,"column":27,"currentOffset":1033,"endOffset":1043},"description":"Unused variable: classroomId.","severity":"WARNING"}]}
[warn] !  [W] 36:27 - Unused variable: classroomId. 
[info] +  cloud.firestore: rules file firestore.rules compiled successfully 
[debug] [2026-01-30T05:27:10.916Z] Checked if tokens are valid: true, expires at: 1769754425449
[debug] [2026-01-30T05:27:10.916Z] Checked if tokens are valid: true, expires at: 1769754425449
[debug] [2026-01-30T05:27:10.916Z] >>> [apiv2][query] POST https://firebasehosting.googleapis.com/v1beta1/projects/-/sites/palitest-generator/versions [none]
[debug] [2026-01-30T05:27:10.916Z] >>> [apiv2][body] POST https://firebasehosting.googleapis.com/v1beta1/projects/-/sites/palitest-generator/versions {"status":"CREATED","labels":{"deployment-tool":"cli-firebase"}}
